<?xml version="1.0" encoding="UTF-8"?>
<!-- Generated by org.testng.reporters.JUnitReportReporter -->
<testsuite hostname="DESKTOP-5MGMVPI" failures="0" tests="1" name="restAssuredScripts.Script001SetupCheck" time="4.967" errors="0" timestamp="2023-11-08T10:09:08 IST" skipped="0">
  <testcase classname="restAssuredScripts.Script001SetupCheck" name="SetupCheck" time="4.967"/>
  <system-out/>
</testsuite> <!-- restAssuredScripts.Script001SetupCheck -->
