<?xml version="1.0" encoding="UTF-8"?>
<!-- Generated by org.testng.reporters.JUnitReportReporter -->
<testsuite hostname="DESKTOP-5MGMVPI" failures="0" tests="1" name="restAssuredScripts.Log4jDemo" time="0.027" errors="0" timestamp="2023-11-10T15:25:52 IST" skipped="0">
  <testcase classname="restAssuredScripts.Log4jDemo" name="method1" time="0.027"/>
  <system-out/>
</testsuite> <!-- restAssuredScripts.Log4jDemo -->
