<?xml version="1.0" encoding="UTF-8"?>
<!-- Generated by org.testng.reporters.JUnitReportReporter -->
<testsuite hostname="DESKTOP-5MGMVPI" failures="0" tests="1" name="restAssuredScripts.Script003PostMethod" time="5.222" errors="0" timestamp="2023-11-08T10:52:27 IST" skipped="0">
  <testcase classname="restAssuredScripts.Script003PostMethod" name="postMethod" time="5.222"/>
  <system-out/>
</testsuite> <!-- restAssuredScripts.Script003PostMethod -->
