<?xml version="1.0" encoding="UTF-8"?>
<!-- Generated by org.testng.reporters.JUnitReportReporter -->
<testsuite hostname="DESKTOP-5MGMVPI" failures="0" tests="1" name="restAssuredScripts.Script005PaylodXML" time="6.491" errors="0" timestamp="2023-11-08T12:28:49 IST" skipped="0">
  <testcase classname="restAssuredScripts.Script005PaylodXML" name="PayloadXML" time="6.491"/>
  <system-out/>
</testsuite> <!-- restAssuredScripts.Script005PaylodXML -->
