<?xml version="1.0" encoding="UTF-8"?>
<!-- Generated by org.testng.reporters.JUnitReportReporter -->
<testsuite hostname="DESKTOP-5MGMVPI" failures="0" tests="3" name="restAssuredScripts.Script006PostManAPIKey" time="9.045" errors="0" timestamp="2023-11-10T05:41:00 IST" skipped="0">
  <testcase classname="restAssuredScripts.Script006PostManAPIKey" name="postmangetreq" time="4.357"/>
  <system-out/>
  <testcase classname="restAssuredScripts.Script006PostManAPIKey" name="extract_value_response" time="3.041"/>
  <system-out/>
  <testcase classname="restAssuredScripts.Script006PostManAPIKey" name="extract_response_JSONPath" time="1.647"/>
  <system-out/>
</testsuite> <!-- restAssuredScripts.Script006PostManAPIKey -->
