<?xml version="1.0" encoding="UTF-8"?>
<!-- Generated by org.testng.reporters.JUnitReportReporter -->
<testsuite hostname="DESKTOP-5MGMVPI" failures="0" tests="1" name="restAssuredScripts.Script004PayloadJSON" time="5.713" errors="0" timestamp="2023-11-08T12:29:46 IST" skipped="0">
  <testcase classname="restAssuredScripts.Script004PayloadJSON" name="postUsingJSON" time="5.713"/>
  <system-out/>
</testsuite> <!-- restAssuredScripts.Script004PayloadJSON -->
