<?xml version="1.0" encoding="UTF-8"?>
<!-- Generated by org.testng.reporters.JUnitReportReporter -->
<testsuite hostname="DESKTOP-5MGMVPI" failures="0" tests="1" name="restAssuredScripts.LogginginRestAssured" time="10.362" errors="0" timestamp="2023-11-10T09:18:13 IST" skipped="0">
  <testcase classname="restAssuredScripts.LogginginRestAssured" name="loggingmethods" time="10.362"/>
  <system-out/>
</testsuite> <!-- restAssuredScripts.LogginginRestAssured -->
