<?xml version="1.0" encoding="UTF-8"?>
<!-- Generated by org.testng.reporters.JUnitReportReporter -->
<testsuite hostname="DESKTOP-5MGMVPI" failures="0" tests="1" name="restAssuredScripts.Script0010SSLAuthentication" time="4.672" errors="0" timestamp="2023-11-10T07:01:30 IST" skipped="0">
  <testcase classname="restAssuredScripts.Script0010SSLAuthentication" name="SSL_authentication" time="4.672"/>
  <system-out/>
</testsuite> <!-- restAssuredScripts.Script0010SSLAuthentication -->
