<?xml version="1.0" encoding="UTF-8"?>
<!-- Generated by org.testng.reporters.JUnitReportReporter -->
<testsuite hostname="DESKTOP-5MGMVPI" failures="0" tests="2" name="restAssuredScripts.Script008GITHUBBearerToken" time="4.798" errors="0" timestamp="2023-11-09T10:45:46 IST" skipped="0">
  <testcase classname="restAssuredScripts.Script008GITHUBBearerToken" name="Authorization_bearertoken_specificrepo" time="0.531"/>
  <system-out/>
  <testcase classname="restAssuredScripts.Script008GITHUBBearerToken" name="Authorization_bearertoken" time="4.267"/>
  <system-out/>
</testsuite> <!-- restAssuredScripts.Script008GITHUBBearerToken -->
