<?xml version="1.0" encoding="UTF-8"?>
<!-- Generated by org.testng.reporters.JUnitReportReporter -->
<testsuite hostname="DESKTOP-5MGMVPI" failures="0" tests="2" name="restAssuredScripts.Script002GetMethod" time="4.796" errors="0" timestamp="2023-11-08T10:32:56 IST" skipped="1">
  <testcase classname="restAssuredScripts.Script002GetMethod" name="GetMethodBDDStyle" time="4.796"/>
  <system-out/>
  <testcase classname="restAssuredScripts.Script002GetMethod" name="httpGetMethod">
    <skipped/>
  </testcase> <!-- httpGetMethod -->
  <system-out/>
</testsuite> <!-- restAssuredScripts.Script002GetMethod -->
