<?xml version="1.0" encoding="UTF-8"?>
<!-- Generated by org.testng.reporters.JUnitReportReporter -->
<testsuite hostname="DESKTOP-5MGMVPI" failures="0" tests="3" name="com.sportyshoe.Tests.HomepageTest" time="1.810" errors="0" timestamp="2023-11-15T12:41:48 IST" skipped="0">
  <testcase classname="com.sportyshoe.Tests.HomepageTest" name="test_getTitle_page" time="0.017"/>
  <system-out/>
  <testcase classname="com.sportyshoe.Tests.HomepageTest" name="Test_Validate_Text_On_Page" time="0.044"/>
  <system-out/>
  <testcase classname="com.sportyshoe.Tests.HomepageTest" name="test_click_register_link" time="1.749"/>
  <system-out/>
</testsuite> <!-- com.sportyshoe.Tests.HomepageTest -->
