<?xml version="1.0" encoding="UTF-8"?>
<!-- Generated by org.testng.reporters.JUnitReportReporter -->
<testsuite hostname="DESKTOP-5MGMVPI" failures="0" tests="1" name="com.sportyshoes.seleniumcucumberScripts.SetupCheck" time="20.741" errors="0" timestamp="2023-11-15T12:39:35 IST" skipped="0">
  <testcase classname="com.sportyshoes.seleniumcucumberScripts.SetupCheck" name="test_setup_selenium" time="20.741"/>
  <system-out/>
</testsuite> <!-- com.sportyshoes.seleniumcucumberScripts.SetupCheck -->
