<?xml version="1.0" encoding="UTF-8"?>
<!-- Generated by org.testng.reporters.JUnitReportReporter -->
<testsuite hostname="DESKTOP-5MGMVPI" failures="0" tests="2" name="com.sportyshoes.restassuredScripts.GetAllShoes" time="4.309" errors="0" timestamp="2023-11-14T10:18:12 IST" skipped="0">
  <testcase classname="com.sportyshoes.restassuredScripts.GetAllShoes" name="get_all_shoes" time="4.240"/>
  <system-out/>
  <testcase classname="com.sportyshoes.restassuredScripts.GetAllShoes" name="get_all_users" time="0.069"/>
  <system-out/>
</testsuite> <!-- com.sportyshoes.restassuredScripts.GetAllShoes -->
