<?xml version="1.0" encoding="UTF-8"?>
<!-- Generated by org.testng.reporters.JUnitReportReporter -->
<testsuite hostname="DESKTOP-5MGMVPI" failures="0" tests="3" name="com.sportyshoes.restassuredScripts.PostandPutNewShoe" time="3.291" errors="0" timestamp="2023-11-14T10:34:13 IST" skipped="0">
  <testcase classname="com.sportyshoes.restassuredScripts.PostandPutNewShoe" name="Add_new_Product" time="2.942"/>
  <system-out/>
  <testcase classname="com.sportyshoes.restassuredScripts.PostandPutNewShoe" name="update_a_product" time="0.205"/>
  <system-out/>
  <testcase classname="com.sportyshoes.restassuredScripts.PostandPutNewShoe" name="delete_product" time="0.144"/>
  <system-out/>
</testsuite> <!-- com.sportyshoes.restassuredScripts.PostandPutNewShoe -->
